2026-03-27 22:20:31 | INFO    | --- New Session Started ---
2026-03-27 22:20:31 | INFO    | Environment: Acrobot-v1
2026-03-27 22:20:31 | INFO    | Initial State: (array([ 0.99995494, -0.00949018,  0.99570763, -0.09255423,  0.06970888,
       -0.0832625 ], dtype=float32), {})
2026-03-27 22:20:31 | INFO    | State Space: Box([ -1.        -1.        -1.        -1.       -12.566371 -28.274334], [ 1.        1.        1.        1.       12.566371 28.274334], (6,), float32)
2026-03-27 22:20:31 | INFO    | Action Space: Discrete(3)
2026-03-27 22:20:31 | INFO    | Discretization Bins: [ 6  6  6  6 10 10]
2026-03-27 22:20:31 | INFO    | Starting Optuna Hyperparameter Search...
2026-03-27 22:29:08 | INFO    | --- New Session Started ---
2026-03-27 22:29:08 | INFO    | Environment: Acrobot-v1
2026-03-27 22:29:08 | INFO    | Initial State: (array([ 0.9999793 , -0.00642873,  0.99751693, -0.07042702, -0.0520169 ,
       -0.05926752], dtype=float32), {})
2026-03-27 22:29:08 | INFO    | State Space: Box([ -1.        -1.        -1.        -1.       -12.566371 -28.274334], [ 1.        1.        1.        1.       12.566371 28.274334], (6,), float32)
2026-03-27 22:29:08 | INFO    | Action Space: Discrete(3)
2026-03-27 22:29:08 | INFO    | Discretization Bins: [ 6  6  6  6 10 10]
2026-03-27 22:29:09 | INFO    | Starting Optuna Hyperparameter Search...
2026-03-27 22:35:24 | INFO    | --- New Session Started ---
2026-03-27 22:35:24 | INFO    | Environment: Acrobot-v1
2026-03-27 22:35:24 | INFO    | Initial State: (array([ 0.99888396,  0.04723176,  0.9966344 , -0.08197458,  0.04110152,
        0.03994485], dtype=float32), {})
2026-03-27 22:35:24 | INFO    | State Space: Box([ -1.        -1.        -1.        -1.       -12.566371 -28.274334], [ 1.        1.        1.        1.       12.566371 28.274334], (6,), float32)
2026-03-27 22:35:24 | INFO    | Action Space: Discrete(3)
2026-03-27 22:35:24 | INFO    | Discretization Bins: [ 6  6  6  6 10 10]
2026-03-27 22:35:24 | INFO    | Starting Optuna Hyperparameter Search...
2026-03-27 22:35:49 | INFO    | --- New Session Started ---
2026-03-27 22:35:49 | INFO    | Environment: Acrobot-v1
2026-03-27 22:35:49 | INFO    | Initial State: (array([ 0.9981651 ,  0.06055126,  0.99908495,  0.04276925, -0.09706256,
        0.07749194], dtype=float32), {})
2026-03-27 22:35:49 | INFO    | State Space: Box([ -1.        -1.        -1.        -1.       -12.566371 -28.274334], [ 1.        1.        1.        1.       12.566371 28.274334], (6,), float32)
2026-03-27 22:35:49 | INFO    | Action Space: Discrete(3)
2026-03-27 22:35:49 | INFO    | Discretization Bins: [ 6  6  6  6 10 10]
2026-03-27 22:35:49 | INFO    | Starting Optuna Hyperparameter Search...
2026-03-27 23:22:34 | INFO    | Optimization Complete. Best Params found: {'alpha': 0.06499593049496556, 'gamma': 0.9044885041879923, 'epsilon_decay': 0.9943036620264593}
2026-03-27 23:22:34 | INFO    | Starting Experiment: Opt-Q-learning
2026-03-27 23:22:34 | INFO    | Hyperparameters: {'alpha': 0.06499593049496556, 'gamma': 0.9044885041879923, 'epsilon': 1.0, 'epsilon_decay': 0.9943036620264593, 'epsilon_min': 0.05, 'n_episodes': 500}
2026-03-27 23:23:05 | INFO    | Experiment Opt-Q-learning Finished. Final Avg Reward (last 100 eps): -372.12
2026-03-27 23:23:06 | INFO    | Model checkpoint saved: models/Opt-Q-learning.pkl
2026-03-27 23:23:06 | INFO    | Plot created in notebook.
2026-03-29 08:56:37 | INFO    | --- New Session Started ---
2026-03-29 08:56:37 | INFO    | Environment: Acrobot-v1
2026-03-29 08:56:37 | INFO    | Initial State: (array([0.9969765 , 0.07770398, 0.9981766 , 0.06036171, 0.0351431 ,
       0.00223249], dtype=float32), {})
2026-03-29 08:56:37 | INFO    | State Space: Box([ -1.        -1.        -1.        -1.       -12.566371 -28.274334], [ 1.        1.        1.        1.       12.566371 28.274334], (6,), float32)
2026-03-29 08:56:37 | INFO    | Action Space: Discrete(3)
2026-03-29 08:56:37 | INFO    | Discretization Bins: [ 6  6  6  6 10 10]
2026-03-29 09:53:42 | INFO    | --- New Session Started ---
2026-03-29 09:53:42 | INFO    | Environment: Acrobot-v1
2026-03-29 09:53:42 | INFO    | Initial State: (array([ 0.9975532 ,  0.06991129,  0.9963384 ,  0.08549711, -0.05657385,
        0.01277463], dtype=float32), {})
2026-03-29 09:53:42 | INFO    | State Space: Box([ -1.        -1.        -1.        -1.       -12.566371 -28.274334], [ 1.        1.        1.        1.       12.566371 28.274334], (6,), float32)
2026-03-29 09:53:42 | INFO    | Action Space: Discrete(3)
2026-03-29 09:53:43 | INFO    | Discretization Bins: [ 6  6  6  6 10 10]
2026-03-29 09:53:43 | INFO    | Starting Optuna Hyperparameter Search...
2026-03-29 10:01:36 | INFO    | --- New Session Started ---
2026-03-29 10:01:36 | INFO    | Environment: Acrobot-v1
2026-03-29 10:01:36 | INFO    | Initial State: (array([ 0.9980393 , -0.0625907 ,  0.9984438 ,  0.05576697, -0.01894039,
       -0.09198842], dtype=float32), {})
2026-03-29 10:01:36 | INFO    | State Space: Box([ -1.        -1.        -1.        -1.       -12.566371 -28.274334], [ 1.        1.        1.        1.       12.566371 28.274334], (6,), float32)
2026-03-29 10:01:36 | INFO    | Action Space: Discrete(3)
2026-03-29 10:01:36 | INFO    | Discretization Bins: [ 6  6  6  6 10 10]
2026-03-29 10:01:36 | INFO    | Starting Optuna Hyperparameter Search...
2026-03-29 10:02:17 | INFO    | --- New Session Started ---
2026-03-29 10:02:17 | INFO    | Environment: Acrobot-v1
2026-03-29 10:02:17 | INFO    | Initial State: (array([ 0.9969835 , -0.07761309,  0.99501985,  0.09967668, -0.0764784 ,
       -0.01125599], dtype=float32), {})
2026-03-29 10:02:17 | INFO    | State Space: Box([ -1.        -1.        -1.        -1.       -12.566371 -28.274334], [ 1.        1.        1.        1.       12.566371 28.274334], (6,), float32)
2026-03-29 10:02:17 | INFO    | Action Space: Discrete(3)
2026-03-29 10:02:17 | INFO    | Discretization Bins: [ 6  6  6  6 10 10]
2026-03-29 10:02:17 | INFO    | Starting Optuna Hyperparameter Search...
2026-03-29 10:13:12 | INFO    | --- New Session Started ---
2026-03-29 10:13:12 | INFO    | Environment: Acrobot-v1
2026-03-29 10:13:12 | INFO    | Initial State: (array([ 0.9963215 , -0.08569408,  0.9988371 , -0.04821272, -0.08552024,
        0.08629044], dtype=float32), {})
2026-03-29 10:13:12 | INFO    | State Space: Box([ -1.        -1.        -1.        -1.       -12.566371 -28.274334], [ 1.        1.        1.        1.       12.566371 28.274334], (6,), float32)
2026-03-29 10:13:12 | INFO    | Action Space: Discrete(3)
2026-03-29 10:13:12 | INFO    | Discretization Bins: [ 6  6  6  6 10 10]
2026-03-29 10:13:12 | INFO    | Starting Optuna Hyperparameter Search...
2026-03-29 10:14:28 | INFO    | --- New Session Started ---
2026-03-29 10:14:28 | INFO    | Environment: Acrobot-v1
2026-03-29 10:14:28 | INFO    | Initial State: (array([ 0.9993368 , -0.03641357,  0.9951476 ,  0.09839362, -0.08995051,
       -0.07556215], dtype=float32), {})
2026-03-29 10:14:28 | INFO    | State Space: Box([ -1.        -1.        -1.        -1.       -12.566371 -28.274334], [ 1.        1.        1.        1.       12.566371 28.274334], (6,), float32)
2026-03-29 10:14:28 | INFO    | Action Space: Discrete(3)
2026-03-29 10:14:28 | INFO    | Discretization Bins: [ 6  6  6  6 10 10]
2026-03-29 10:14:28 | INFO    | Starting Optuna Hyperparameter Search...
2026-03-29 10:21:59 | INFO    | --- New Session Started ---
2026-03-29 10:21:59 | INFO    | Environment: Acrobot-v1
2026-03-29 10:21:59 | INFO    | Initial State: (array([ 0.99978465, -0.0207527 ,  0.99978715,  0.0206308 , -0.06043575,
        0.09246749], dtype=float32), {})
2026-03-29 10:21:59 | INFO    | State Space: Box([ -1.        -1.        -1.        -1.       -12.566371 -28.274334], [ 1.        1.        1.        1.       12.566371 28.274334], (6,), float32)
2026-03-29 10:21:59 | INFO    | Action Space: Discrete(3)
2026-03-29 10:21:59 | INFO    | Discretization Bins: [ 6  6  6  6 10 10]
2026-03-29 10:21:59 | INFO    | Starting Optuna Hyperparameter Search...
2026-03-29 10:32:46 | INFO    | --- New Session Started ---
2026-03-29 10:32:46 | INFO    | Environment: Acrobot-v1
2026-03-29 10:32:46 | INFO    | Initial State: (array([ 0.9959859 ,  0.08950979,  0.9983227 ,  0.05789421, -0.03104444,
        0.00539519], dtype=float32), {})
2026-03-29 10:32:46 | INFO    | State Space: Box([ -1.        -1.        -1.        -1.       -12.566371 -28.274334], [ 1.        1.        1.        1.       12.566371 28.274334], (6,), float32)
2026-03-29 10:32:46 | INFO    | Action Space: Discrete(3)
2026-03-29 10:32:46 | INFO    | Discretization Bins: [ 6  6  6  6 10 10]
2026-03-29 10:32:47 | INFO    | Starting Optuna Hyperparameter Search...
2026-03-29 10:41:10 | INFO    | --- New Session Started ---
2026-03-29 10:41:10 | INFO    | Environment: Acrobot-v1
2026-03-29 10:41:10 | INFO    | Initial State: (array([ 0.9999982 , -0.00190282,  0.9999323 , -0.01163459,  0.01879082,
       -0.0486715 ], dtype=float32), {})
2026-03-29 10:41:10 | INFO    | State Space: Box([ -1.        -1.        -1.        -1.       -12.566371 -28.274334], [ 1.        1.        1.        1.       12.566371 28.274334], (6,), float32)
2026-03-29 10:41:10 | INFO    | Action Space: Discrete(3)
2026-03-29 10:41:11 | INFO    | Discretization Bins: [ 6  6  6  6 10 10]
2026-03-29 10:41:11 | INFO    | Starting Optuna Hyperparameter Search...
2026-03-29 10:50:46 | INFO    | --- New Session Started ---
2026-03-29 10:50:46 | INFO    | Environment: Acrobot-v1
2026-03-29 10:50:46 | INFO    | Initial State: (array([ 0.99567133, -0.09294403,  0.9999926 ,  0.00384616,  0.02385054,
       -0.03245369], dtype=float32), {})
2026-03-29 10:50:46 | INFO    | State Space: Box([ -1.        -1.        -1.        -1.       -12.566371 -28.274334], [ 1.        1.        1.        1.       12.566371 28.274334], (6,), float32)
2026-03-29 10:50:46 | INFO    | Action Space: Discrete(3)
2026-03-29 10:50:47 | INFO    | Discretization Bins: [ 6  6  6  6 10 10]
2026-03-29 10:50:47 | INFO    | Starting Optuna Hyperparameter Search...
2026-03-29 11:19:38 | INFO    | --- New Session Started ---
2026-03-29 11:19:38 | INFO    | Environment: Acrobot-v1
2026-03-29 11:19:38 | INFO    | Initial State: (array([ 0.99970573, -0.02425827,  0.9999966 ,  0.00261547, -0.00593535,
        0.04166239], dtype=float32), {})
2026-03-29 11:19:38 | INFO    | State Space: Box([ -1.        -1.        -1.        -1.       -12.566371 -28.274334], [ 1.        1.        1.        1.       12.566371 28.274334], (6,), float32)
2026-03-29 11:19:38 | INFO    | Action Space: Discrete(3)
2026-03-29 11:19:38 | INFO    | Discretization Bins: [ 6  6  6  6 10 10]
2026-03-29 11:19:39 | INFO    | Starting Optuna Hyperparameter Search...
2026-03-30 18:36:38 | INFO    | --- New Session Started ---
2026-03-30 18:36:38 | INFO    | Environment: Acrobot-v1
2026-03-30 18:36:38 | INFO    | Initial State: (array([ 9.9999994e-01, -3.2004257e-04,  9.9825317e-01,  5.9081413e-02,
        1.3178402e-03,  5.8789072e-03], dtype=float32), {})
2026-03-30 18:36:38 | INFO    | State Space: Box([ -1.        -1.        -1.        -1.       -12.566371 -28.274334], [ 1.        1.        1.        1.       12.566371 28.274334], (6,), float32)
2026-03-30 18:36:38 | INFO    | Action Space: Discrete(3)
2026-03-30 18:36:38 | INFO    | Discretization Bins: [ 6  6  6  6 10 10]
2026-03-30 18:36:39 | INFO    | Starting Optuna Hyperparameter Search...
2026-03-31 17:13:00 | INFO    | --- New Session Started ---
2026-03-31 17:13:00 | INFO    | Environment: Acrobot-v1
2026-03-31 17:13:00 | INFO    | Initial State: (array([ 9.9961424e-01,  2.7773704e-02,  9.9887532e-01, -4.7414076e-02,
        4.0080299e-04,  1.1291270e-02], dtype=float32), {})
2026-03-31 17:13:00 | INFO    | State Space: Box([ -1.        -1.        -1.        -1.       -12.566371 -28.274334], [ 1.        1.        1.        1.       12.566371 28.274334], (6,), float32)
2026-03-31 17:13:00 | INFO    | Action Space: Discrete(3)
2026-03-31 17:13:01 | INFO    | Discretization Bins: [ 6  6  6  6 10 10]
2026-03-31 17:13:01 | INFO    | Starting Optuna Hyperparameter Search...
2026-03-31 18:12:50 | INFO    | --- New Session Started ---
2026-03-31 18:12:50 | INFO    | Environment: Acrobot-v1
2026-03-31 18:12:50 | INFO    | Initial State: (array([ 0.99969494,  0.02469937,  0.9975422 , -0.07006808,  0.00586905,
       -0.06043353], dtype=float32), {})
2026-03-31 18:12:50 | INFO    | State Space: Box([ -1.        -1.        -1.        -1.       -12.566371 -28.274334], [ 1.        1.        1.        1.       12.566371 28.274334], (6,), float32)
2026-03-31 18:12:50 | INFO    | Action Space: Discrete(3)
2026-03-31 18:12:50 | INFO    | Discretization Bins: [ 6  6  6  6 10 10]
2026-03-31 18:12:51 | INFO    | Starting Optuna Hyperparameter Search...
2026-04-01 02:24:54 | INFO    | --- New Session Started ---
2026-04-01 02:24:54 | INFO    | Environment: Acrobot-v1
2026-04-01 02:24:54 | INFO    | Initial State: (array([ 0.9957951 ,  0.09160866,  0.9998162 , -0.01917309,  0.04707631,
        0.09345089], dtype=float32), {})
2026-04-01 02:24:54 | INFO    | State Space: Box([ -1.        -1.        -1.        -1.       -12.566371 -28.274334], [ 1.        1.        1.        1.       12.566371 28.274334], (6,), float32)
2026-04-01 02:24:54 | INFO    | Action Space: Discrete(3)
2026-04-01 02:24:54 | INFO    | Discretization Bins: [ 6  6  6  6 10 10]
2026-04-01 02:24:54 | INFO    | Starting Optuna Hyperparameter Search...
